# JRE version: Java(TM) SE Runtime Environment (8.0_251-b08) (build 1.8.0_251-b08)
# Java VM: Java HotSpot(TM) 64-Bit Server VM (25.251-b08 mixed mode windows-amd64 compressed oops)
Heap:
 PSYoungGen      total 156672K, used 67422K [0x00000000f5580000, 0x0000000100000000, 0x0000000100000000)
  eden space 141824K, 37% used [0x00000000f5580000,0x00000000f88ded98,0x00000000fe000000)
  from space 14848K, 99% used [0x00000000fe000000,0x00000000fee78aa8,0x00000000fee80000)
  to   space 17920K, 0% used [0x00000000fee80000,0x00000000fee80000,0x0000000100000000)
 ParOldGen       total 175104K, used 19763K [0x00000000e0000000, 0x00000000eab00000, 0x00000000f5580000)
  object space 175104K, 11% used [0x00000000e0000000,0x00000000e134cce0,0x00000000eab00000)
 Metaspace       used 47866K, capacity 49540K, committed 49792K, reserved 1091584K
  class space    used 6596K, capacity 7028K, committed 7040K, reserved 1048576K
GC Heap History (10 events):
Event: 5.649 GC heap before
{Heap before GC invocations=5 (full 1):
 PSYoungGen      total 76288K, used 65536K [0x00000000f5580000, 0x00000000fea80000, 0x0000000100000000)
  eden space 65536K, 100% used [0x00000000f5580000,0x00000000f9580000,0x00000000f9580000)
  from space 10752K, 0% used [0x00000000f9580000,0x00000000f9580000,0x00000000fa000000)
  to   space 10752K, 0% used [0x00000000fe000000,0x00000000fe000000,0x00000000fea80000)
 ParOldGen       total 175104K, used 12511K [0x00000000e0000000, 0x00000000eab00000, 0x00000000f5580000)
  object space 175104K, 7% used [0x00000000e0000000,0x00000000e0c37c70,0x00000000eab00000)
 Metaspace       used 27563K, capacity 28212K, committed 28416K, reserved 1073152K
  class space    used 3820K, capacity 4024K, committed 4096K, reserved 1048576K
Event: 5.655 GC heap after
Heap after GC invocations=5 (full 1):
 PSYoungGen      total 102912K, used 7974K [0x00000000f5580000, 0x00000000fe800000, 0x0000000100000000)
  eden space 94720K, 0% used [0x00000000f5580000,0x00000000f5580000,0x00000000fb200000)
  from space 8192K, 97% used [0x00000000fe000000,0x00000000fe7c9b18,0x00000000fe800000)
  to   space 10752K, 0% used [0x00000000fd300000,0x00000000fd300000,0x00000000fdd80000)
 ParOldGen       total 175104K, used 12519K [0x00000000e0000000, 0x00000000eab00000, 0x00000000f5580000)
  object space 175104K, 7% used [0x00000000e0000000,0x00000000e0c39c70,0x00000000eab00000)
 Metaspace       used 27563K, capacity 28212K, committed 28416K, reserved 1073152K
  class space    used 3820K, capacity 4024K, committed 4096K, reserved 1048576K
}
Event: 6.369 GC heap before
{Heap before GC invocations=6 (full 1):
 PSYoungGen      total 102912K, used 102694K [0x00000000f5580000, 0x00000000fe800000, 0x0000000100000000)
  eden space 94720K, 100% used [0x00000000f5580000,0x00000000fb200000,0x00000000fb200000)
  from space 8192K, 97% used [0x00000000fe000000,0x00000000fe7c9b18,0x00000000fe800000)
  to   space 10752K, 0% used [0x00000000fd300000,0x00000000fd300000,0x00000000fdd80000)
 ParOldGen       total 175104K, used 12519K [0x00000000e0000000, 0x00000000eab00000, 0x00000000f5580000)
  object space 175104K, 7% used [0x00000000e0000000,0x00000000e0c39c70,0x00000000eab00000)
 Metaspace       used 32840K, capacity 33592K, committed 33792K, reserved 1079296K
  class space    used 4597K, capacity 4853K, committed 4864K, reserved 1048576K
Event: 6.381 GC heap after
Heap after GC invocations=6 (full 1):
 PSYoungGen      total 139264K, used 10737K [0x00000000f5580000, 0x00000000ffd80000, 0x0000000100000000)
  eden space 128512K, 0% used [0x00000000f5580000,0x00000000f5580000,0x00000000fd300000)
  from space 10752K, 99% used [0x00000000fd300000,0x00000000fdd7c5d8,0x00000000fdd80000)
  to   space 15360K, 0% used [0x00000000fee80000,0x00000000fee80000,0x00000000ffd80000)
 ParOldGen       total 175104K, used 13854K [0x00000000e0000000, 0x00000000eab00000, 0x00000000f5580000)
  object space 175104K, 7% used [0x00000000e0000000,0x00000000e0d87980,0x00000000eab00000)
 Metaspace       used 32840K, capacity 33592K, committed 33792K, reserved 1079296K
  class space    used 4597K, capacity 4853K, committed 4864K, reserved 1048576K
}
Event: 6.736 GC heap before
{Heap before GC invocations=7 (full 1):
 PSYoungGen      total 139264K, used 43890K [0x00000000f5580000, 0x00000000ffd80000, 0x0000000100000000)
  eden space 128512K, 25% used [0x00000000f5580000,0x00000000f75e02c0,0x00000000fd300000)
  from space 10752K, 99% used [0x00000000fd300000,0x00000000fdd7c5d8,0x00000000fdd80000)
  to   space 15360K, 0% used [0x00000000fee80000,0x00000000fee80000,0x00000000ffd80000)
 ParOldGen       total 175104K, used 13854K [0x00000000e0000000, 0x00000000eab00000, 0x00000000f5580000)
  object space 175104K, 7% used [0x00000000e0000000,0x00000000e0d87980,0x00000000eab00000)
 Metaspace       used 34580K, capacity 35472K, committed 35496K, reserved 1079296K
  class space    used 4824K, capacity 5097K, committed 5120K, reserved 1048576K
Event: 6.747 GC heap after
Heap after GC invocations=7 (full 1):
 PSYoungGen      total 157184K, used 10248K [0x00000000f5580000, 0x0000000100000000, 0x0000000100000000)
  eden space 141824K, 0% used [0x00000000f5580000,0x00000000f5580000,0x00000000fe000000)
  from space 15360K, 66% used [0x00000000fee80000,0x00000000ff8821d8,0x00000000ffd80000)
  to   space 14848K, 0% used [0x00000000fe000000,0x00000000fe000000,0x00000000fee80000)
 ParOldGen       total 175104K, used 13862K [0x00000000e0000000, 0x00000000eab00000, 0x00000000f5580000)
  object space 175104K, 7% used [0x00000000e0000000,0x00000000e0d89980,0x00000000eab00000)
 Metaspace       used 34580K, capacity 35472K, committed 35496K, reserved 1079296K
  class space    used 4824K, capacity 5097K, committed 5120K, reserved 1048576K
}
Event: 6.747 GC heap before
{Heap before GC invocations=8 (full 2):
 PSYoungGen      total 157184K, used 10248K [0x00000000f5580000, 0x0000000100000000, 0x0000000100000000)
  eden space 141824K, 0% used [0x00000000f5580000,0x00000000f5580000,0x00000000fe000000)
  from space 15360K, 66% used [0x00000000fee80000,0x00000000ff8821d8,0x00000000ffd80000)
  to   space 14848K, 0% used [0x00000000fe000000,0x00000000fe000000,0x00000000fee80000)
 ParOldGen       total 175104K, used 13862K [0x00000000e0000000, 0x00000000eab00000, 0x00000000f5580000)
  object space 175104K, 7% used [0x00000000e0000000,0x00000000e0d89980,0x00000000eab00000)
 Metaspace       used 34580K, capacity 35472K, committed 35496K, reserved 1079296K
  class space    used 4824K, capacity 5097K, committed 5120K, reserved 1048576K
Event: 6.814 GC heap after
Heap after GC invocations=8 (full 2):
 PSYoungGen      total 157184K, used 0K [0x00000000f5580000, 0x0000000100000000, 0x0000000100000000)
  eden space 141824K, 0% used [0x00000000f5580000,0x00000000f5580000,0x00000000fe000000)
  from space 15360K, 0% used [0x00000000fee80000,0x00000000fee80000,0x00000000ffd80000)
  to   space 14848K, 0% used [0x00000000fe000000,0x00000000fe000000,0x00000000fee80000)
 ParOldGen       total 175104K, used 17196K [0x00000000e0000000, 0x00000000eab00000, 0x00000000f5580000)
  object space 175104K, 9% used [0x00000000e0000000,0x00000000e10cb150,0x00000000eab00000)
 Metaspace       used 34580K, capacity 35472K, committed 35496K, reserved 1079296K
  class space    used 4824K, capacity 5097K, committed 5120K, reserved 1048576K
}
Event: 8.510 GC heap before
{Heap before GC invocations=9 (full 2):
 PSYoungGen      total 157184K, used 141824K [0x00000000f5580000, 0x0000000100000000, 0x0000000100000000)
  eden space 141824K, 100% used [0x00000000f5580000,0x00000000fe000000,0x00000000fe000000)
  from space 15360K, 0% used [0x00000000fee80000,0x00000000fee80000,0x00000000ffd80000)
  to   space 14848K, 0% used [0x00000000fe000000,0x00000000fe000000,0x00000000fee80000)
 ParOldGen       total 175104K, used 17196K [0x00000000e0000000, 0x00000000eab00000, 0x00000000f5580000)
  object space 175104K, 9% used [0x00000000e0000000,0x00000000e10cb150,0x00000000eab00000)
 Metaspace       used 46309K, capacity 47814K, committed 48000K, reserved 1091584K
  class space    used 6360K, capacity 6784K, committed 6784K, reserved 1048576K
Event: 8.525 GC heap after
Heap after GC invocations=9 (full 2):
 PSYoungGen      total 156672K, used 14818K [0x00000000f5580000, 0x0000000100000000, 0x0000000100000000)
  eden space 141824K, 0% used [0x00000000f5580000,0x00000000f5580000,0x00000000fe000000)
  from space 14848K, 99% used [0x00000000fe000000,0x00000000fee78aa8,0x00000000fee80000)
  to   space 17920K, 0% used [0x00000000fee80000,0x00000000fee80000,0x0000000100000000)
 ParOldGen       total 175104K, used 19763K [0x00000000e0000000, 0x00000000eab00000, 0x00000000f5580000)
  object space 175104K, 11% used [0x00000000e0000000,0x00000000e134cce0,0x00000000eab00000)
 Metaspace       used 46309K, capacity 47814K, committed 48000K, reserved 1091584K
  class space    used 6360K, capacity 6784K, committed 6784K, reserved 1048576K
}

