# JRE version: Java(TM) SE Runtime Environment (8.0_251-b08) (build 1.8.0_251-b08)
# Java VM: Java HotSpot(TM) 64-Bit Server VM (25.251-b08 mixed mode windows-amd64 compressed oops)
Heap:
 PSYoungGen      total 132608K, used 43997K [0x00000000f5580000, 0x00000000ffd80000, 0x0000000100000000)
  eden space 95232K, 29% used [0x00000000f5580000,0x00000000f70b88f0,0x00000000fb280000)
  from space 37376K, 43% used [0x00000000fb280000,0x00000000fc23eed8,0x00000000fd700000)
  to   space 35840K, 0% used [0x00000000fda80000,0x00000000fda80000,0x00000000ffd80000)
 ParOldGen       total 349696K, used 147313K [0x00000000e0000000, 0x00000000f5580000, 0x00000000f5580000)
  object space 349696K, 42% used [0x00000000e0000000,0x00000000e8fdc5b8,0x00000000f5580000)
 Metaspace       used 93928K, capacity 98406K, committed 99328K, reserved 1134592K
  class space    used 12479K, capacity 13436K, committed 13696K, reserved 1048576K
GC Heap History (10 events):
Event: 66.641 GC heap before
{Heap before GC invocations=51 (full 4):
 PSYoungGen      total 131584K, used 22677K [0x00000000f5580000, 0x00000000ffe00000, 0x0000000100000000)
  eden space 90624K, 0% used [0x00000000f5580000,0x00000000f5580000,0x00000000fae00000)
  from space 40960K, 55% used [0x00000000fae00000,0x00000000fc425660,0x00000000fd600000)
  to   space 39936K, 0% used [0x00000000fd700000,0x00000000fd700000,0x00000000ffe00000)
 ParOldGen       total 271872K, used 212438K [0x00000000e0000000, 0x00000000f0980000, 0x00000000f5580000)
  object space 271872K, 78% used [0x00000000e0000000,0x00000000ecf75ae0,0x00000000f0980000)
 Metaspace       used 93491K, capacity 98486K, committed 98560K, reserved 1134592K
  class space    used 12533K, capacity 13630K, committed 13696K, reserved 1048576K
Event: 66.883 GC heap after
Heap after GC invocations=51 (full 4):
 PSYoungGen      total 131584K, used 0K [0x00000000f5580000, 0x00000000ffe00000, 0x0000000100000000)
  eden space 90624K, 0% used [0x00000000f5580000,0x00000000f5580000,0x00000000fae00000)
  from space 40960K, 0% used [0x00000000fae00000,0x00000000fae00000,0x00000000fd600000)
  to   space 39936K, 0% used [0x00000000fd700000,0x00000000fd700000,0x00000000ffe00000)
 ParOldGen       total 349696K, used 124445K [0x00000000e0000000, 0x00000000f5580000, 0x00000000f5580000)
  object space 349696K, 35% used [0x00000000e0000000,0x00000000e7987420,0x00000000f5580000)
 Metaspace       used 92953K, capacity 97252K, committed 98560K, reserved 1134592K
  class space    used 12338K, capacity 13297K, committed 13696K, reserved 1048576K
}
Event: 67.268 GC heap before
{Heap before GC invocations=52 (full 4):
 PSYoungGen      total 131584K, used 90624K [0x00000000f5580000, 0x00000000ffe00000, 0x0000000100000000)
  eden space 90624K, 100% used [0x00000000f5580000,0x00000000fae00000,0x00000000fae00000)
  from space 40960K, 0% used [0x00000000fae00000,0x00000000fae00000,0x00000000fd600000)
  to   space 39936K, 0% used [0x00000000fd700000,0x00000000fd700000,0x00000000ffe00000)
 ParOldGen       total 349696K, used 124447K [0x00000000e0000000, 0x00000000f5580000, 0x00000000f5580000)
  object space 349696K, 35% used [0x00000000e0000000,0x00000000e7987c90,0x00000000f5580000)
 Metaspace       used 93365K, capacity 97852K, committed 99072K, reserved 1134592K
  class space    used 12399K, capacity 13373K, committed 13696K, reserved 1048576K
Event: 67.276 GC heap after
Heap after GC invocations=52 (full 4):
 PSYoungGen      total 132096K, used 6523K [0x00000000f5580000, 0x0000000100000000, 0x0000000100000000)
  eden space 92160K, 0% used [0x00000000f5580000,0x00000000f5580000,0x00000000faf80000)
  from space 39936K, 16% used [0x00000000fd700000,0x00000000fdd5ef40,0x00000000ffe00000)
  to   space 40448K, 0% used [0x00000000faf80000,0x00000000faf80000,0x00000000fd700000)
 ParOldGen       total 349696K, used 124447K [0x00000000e0000000, 0x00000000f5580000, 0x00000000f5580000)
  object space 349696K, 35% used [0x00000000e0000000,0x00000000e7987c90,0x00000000f5580000)
 Metaspace       used 93365K, capacity 97852K, committed 99072K, reserved 1134592K
  class space    used 12399K, capacity 13373K, committed 13696K, reserved 1048576K
}
Event: 67.626 GC heap before
{Heap before GC invocations=53 (full 4):
 PSYoungGen      total 132096K, used 98683K [0x00000000f5580000, 0x0000000100000000, 0x0000000100000000)
  eden space 92160K, 100% used [0x00000000f5580000,0x00000000faf80000,0x00000000faf80000)
  from space 39936K, 16% used [0x00000000fd700000,0x00000000fdd5ef40,0x00000000ffe00000)
  to   space 40448K, 0% used [0x00000000faf80000,0x00000000faf80000,0x00000000fd700000)
 ParOldGen       total 349696K, used 124447K [0x00000000e0000000, 0x00000000f5580000, 0x00000000f5580000)
  object space 349696K, 35% used [0x00000000e0000000,0x00000000e7987c90,0x00000000f5580000)
 Metaspace       used 93722K, capacity 98166K, committed 99072K, reserved 1134592K
  class space    used 12468K, capacity 13426K, committed 13696K, reserved 1048576K
Event: 67.642 GC heap after
Heap after GC invocations=53 (full 4):
 PSYoungGen      total 132608K, used 13778K [0x00000000f5580000, 0x00000000ffd80000, 0x0000000100000000)
  eden space 92160K, 0% used [0x00000000f5580000,0x00000000f5580000,0x00000000faf80000)
  from space 40448K, 34% used [0x00000000faf80000,0x00000000fbcf48a8,0x00000000fd700000)
  to   space 38912K, 0% used [0x00000000fd780000,0x00000000fd780000,0x00000000ffd80000)
 ParOldGen       total 349696K, used 124455K [0x00000000e0000000, 0x00000000f5580000, 0x00000000f5580000)
  object space 349696K, 35% used [0x00000000e0000000,0x00000000e7989c90,0x00000000f5580000)
 Metaspace       used 93722K, capacity 98166K, committed 99072K, reserved 1134592K
  class space    used 12468K, capacity 13426K, committed 13696K, reserved 1048576K
}
Event: 67.919 GC heap before
{Heap before GC invocations=54 (full 4):
 PSYoungGen      total 132608K, used 105938K [0x00000000f5580000, 0x00000000ffd80000, 0x0000000100000000)
  eden space 92160K, 100% used [0x00000000f5580000,0x00000000faf80000,0x00000000faf80000)
  from space 40448K, 34% used [0x00000000faf80000,0x00000000fbcf48a8,0x00000000fd700000)
  to   space 38912K, 0% used [0x00000000fd780000,0x00000000fd780000,0x00000000ffd80000)
 ParOldGen       total 349696K, used 124455K [0x00000000e0000000, 0x00000000f5580000, 0x00000000f5580000)
  object space 349696K, 35% used [0x00000000e0000000,0x00000000e7989c90,0x00000000f5580000)
 Metaspace       used 93833K, capacity 98320K, committed 99328K, reserved 1134592K
  class space    used 12472K, capacity 13431K, committed 13696K, reserved 1048576K
Event: 67.936 GC heap after
Heap after GC invocations=54 (full 4):
 PSYoungGen      total 132096K, used 19586K [0x00000000f5580000, 0x00000000ffb80000, 0x0000000100000000)
  eden space 95232K, 0% used [0x00000000f5580000,0x00000000f5580000,0x00000000fb280000)
  from space 36864K, 53% used [0x00000000fd780000,0x00000000feaa0988,0x00000000ffb80000)
  to   space 37376K, 0% used [0x00000000fb280000,0x00000000fb280000,0x00000000fd700000)
 ParOldGen       total 349696K, used 129824K [0x00000000e0000000, 0x00000000f5580000, 0x00000000f5580000)
  object space 349696K, 37% used [0x00000000e0000000,0x00000000e7ec8260,0x00000000f5580000)
 Metaspace       used 93833K, capacity 98320K, committed 99328K, reserved 1134592K
  class space    used 12472K, capacity 13431K, committed 13696K, reserved 1048576K
}
Event: 68.122 GC heap before
{Heap before GC invocations=55 (full 4):
 PSYoungGen      total 132096K, used 114818K [0x00000000f5580000, 0x00000000ffb80000, 0x0000000100000000)
  eden space 95232K, 100% used [0x00000000f5580000,0x00000000fb280000,0x00000000fb280000)
  from space 36864K, 53% used [0x00000000fd780000,0x00000000feaa0988,0x00000000ffb80000)
  to   space 37376K, 0% used [0x00000000fb280000,0x00000000fb280000,0x00000000fd700000)
 ParOldGen       total 349696K, used 130560K [0x00000000e0000000, 0x00000000f5580000, 0x00000000f5580000)
  object space 349696K, 37% used [0x00000000e0000000,0x00000000e7f80348,0x00000000f5580000)
 Metaspace       used 93913K, capacity 98384K, committed 99328K, reserved 1134592K
  class space    used 12477K, capacity 13431K, committed 13696K, reserved 1048576K
Event: 68.150 GC heap after
Heap after GC invocations=55 (full 4):
 PSYoungGen      total 132608K, used 16123K [0x00000000f5580000, 0x00000000ffd80000, 0x0000000100000000)
  eden space 95232K, 0% used [0x00000000f5580000,0x00000000f5580000,0x00000000fb280000)
  from space 37376K, 43% used [0x00000000fb280000,0x00000000fc23eed8,0x00000000fd700000)
  to   space 35840K, 0% used [0x00000000fda80000,0x00000000fda80000,0x00000000ffd80000)
 ParOldGen       total 349696K, used 147313K [0x00000000e0000000, 0x00000000f5580000, 0x00000000f5580000)
  object space 349696K, 42% used [0x00000000e0000000,0x00000000e8fdc5b8,0x00000000f5580000)
 Metaspace       used 93913K, capacity 98384K, committed 99328K, reserved 1134592K
  class space    used 12477K, capacity 13431K, committed 13696K, reserved 1048576K
}

